2018/09/19 06:59:38 [INFO] Created default configuration file at /etc/hyperledger/fabric-ca/fabric-ca-server-config.yaml
2018/09/19 06:59:38 [INFO] Server Version: 1.2.0-stable
2018/09/19 06:59:38 [INFO] Server Levels: &{Identity:1 Affiliation:1 Certificate:1 Credential:1 RAInfo:1 Nonce:1}
2018/09/19 06:59:38 [DEBUG] Making server filenames absolute
2018/09/19 06:59:38 [DEBUG] Initializing default CA in directory /etc/hyperledger/fabric-ca
2018/09/19 06:59:38 [DEBUG] Init CA with home /etc/hyperledger/fabric-ca and config {Version:1.2.0-stable Cfg:{Identities:{AllowRemove:false} Affiliations:{AllowRemove:false}} CA:{Name:ca-org0 Keyfile: Certfile:ca-cert.pem Chainfile:ca-chain.pem} Signing:0xc4201ed0a0 CSR:{CN:ca-org0 Names:[{C:US ST:North Carolina L: O:Hyperledger OU:Fabric SerialNumber:}] Hosts:[ca-org0] KeyRequest:<nil> CA:0xc4204e1f60 SerialNumber:} Registry:{MaxEnrollments:-1 Identities:[{ Name:**** Pass:**** Type:client Affiliation: MaxEnrollments:0 Attrs:map[hf.Registrar.Roles:* hf.Registrar.DelegateRoles:* hf.Revoker:1 hf.IntermediateCA:1 hf.GenCRL:1 hf.Registrar.Attributes:* hf.AffiliationMgr:1]  }]} Affiliations:map[org1:[department1 department2] org2:[department1]] LDAP:{ Enabled:false URL:ldap://****:****@<host>:<port>/<base> UserFilter:(uid=%s) GroupFilter:(memberUid=%s) Attribute:{[uid member] [{ }] map[groups:[{ }]]} TLS:{false [] { }}  } DB:{ Type:sqlite3 Datasource:fabric-ca-server.db TLS:{false [] { }}  } CSP:0xc4201de5a0 Client:<nil> Intermediate:{ParentServer:{ URL: CAName:  } TLS:{Enabled:false CertFiles:[] Client:{KeyFile: CertFile:}} Enrollment:{ Name: Secret:**** CAName: AttrReqs:[] Profile: Label: CSR:<nil> Type:x509  }} CRL:{Expiry:24h0m0s} Idemix:{IssuerPublicKeyfile: IssuerSecretKeyfile: RevocationPublicKeyfile: RevocationPrivateKeyfile: RHPoolSize:0 NonceExpiration: NonceSweepInterval:}}
2018/09/19 06:59:38 [DEBUG] CA Home Directory: /etc/hyperledger/fabric-ca
2018/09/19 06:59:38 [DEBUG] Checking configuration file version '1.2.0-stable' against server version: '1.2.0-stable'
2018/09/19 06:59:38 [DEBUG] Initializing BCCSP: &{ProviderName:SW SwOpts:0xc4201de600 PluginOpts:<nil> Pkcs11Opts:<nil>}
2018/09/19 06:59:38 [DEBUG] Initializing BCCSP with software options &{SecLevel:256 HashFamily:SHA2 Ephemeral:false FileKeystore:0xc4201ecff0 DummyKeystore:<nil>}
2018/09/19 06:59:38 [DEBUG] Initialize key material
2018/09/19 06:59:38 [DEBUG] Making CA filenames absolute
2018/09/19 06:59:38 [WARNING] &{69 The specified CA certificate file /etc/hyperledger/fabric-ca/ca-cert.pem does not exist}
2018/09/19 06:59:38 [DEBUG] Root CA certificate request: {CN:ca-org0 Names:[{C:US ST:North Carolina L: O:Hyperledger OU:Fabric SerialNumber:}] Hosts:[ca-org0] KeyRequest:0xc4201fec60 CA:0xc4204e1f60 SerialNumber:}
2018/09/19 06:59:38 [INFO] generating key: &{A:ecdsa S:256}
2018/09/19 06:59:38 [DEBUG] generate key from request: algo=ecdsa, size=256
2018/09/19 06:59:38 [INFO] encoded CSR
2018/09/19 06:59:38 [DEBUG] validating configuration
2018/09/19 06:59:38 [DEBUG] validate local profile
2018/09/19 06:59:38 [DEBUG] profile is valid
2018/09/19 06:59:38 [INFO] signed certificate with serial number 18721590634664017079900233309919748314201047563
2018/09/19 06:59:38 [INFO] The CA key and certificate were generated for CA ca-org0
2018/09/19 06:59:38 [INFO] The key was stored by BCCSP provider 'SW'
2018/09/19 06:59:38 [INFO] The certificate is at: /etc/hyperledger/fabric-ca/ca-cert.pem
2018/09/19 06:59:38 [DEBUG] Initializing DB
2018/09/19 06:59:38 [DEBUG] Initializing 'sqlite3' database at '/etc/hyperledger/fabric-ca/fabric-ca-server.db'
2018/09/19 06:59:38 [DEBUG] Using sqlite database, connect to database in home (/etc/hyperledger/fabric-ca/fabric-ca-server.db) directory
2018/09/19 06:59:38 [DEBUG] Creating SQLite database (/etc/hyperledger/fabric-ca/fabric-ca-server.db) if it does not exist...
2018/09/19 06:59:38 [DEBUG] Creating users table if it does not exist
2018/09/19 06:59:38 [DEBUG] Creating affiliations table if it does not exist
2018/09/19 06:59:38 [DEBUG] Creating certificates table if it does not exist
2018/09/19 06:59:38 [DEBUG] Creating credentials table if it does not exist
2018/09/19 06:59:38 [DEBUG] Creating revocation_authority_info table if it does not exist
2018/09/19 06:59:38 [DEBUG] Creating nonces table if it does not exist
2018/09/19 06:59:38 [DEBUG] Creating properties table if it does not exist
2018/09/19 06:59:38 [DEBUG] Successfully opened sqlite3 DB
2018/09/19 06:59:38 [DEBUG] Checking database schema...
2018/09/19 06:59:38 [DEBUG] Update SQLite schema, if using outdated schema
2018/09/19 06:59:38 [DEBUG] Upgrade identities table
2018/09/19 06:59:38 [DEBUG] Creating users table if it does not exist
2018/09/19 06:59:38 [DEBUG] Upgrade affiliation table
2018/09/19 06:59:38 [DEBUG] Creating affiliations table if it does not exist
2018/09/19 06:59:38 [DEBUG] Upgrade certificates table
2018/09/19 06:59:38 [DEBUG] Creating certificates table if it does not exist
2018/09/19 06:59:38 [DEBUG] Initializing identity registry
2018/09/19 06:59:38 [DEBUG] Initialized DB identity registry
2018/09/19 06:59:38 [DEBUG] DB: Get properties [identity.level affiliation.level certificate.level]
2018/09/19 06:59:38 [DEBUG] Checking database levels 'map[affiliation.level:0 certificate.level:0 identity.level:0]' against server levels '&{Identity:1 Affiliation:1 Certificate:1 Credential:1 RAInfo:1 Nonce:1}'
2018/09/19 06:59:38 [DEBUG] Loading identity table
2018/09/19 06:59:38 [DEBUG] Loading identity 'ca-org0-admin'
2018/09/19 06:59:38 [DEBUG] DB: Getting identity ca-org0-admin
2018/09/19 06:59:38 [DEBUG] Max enrollment value verification - User specified max enrollment: 0, CA max enrollment: -1
2018/09/19 06:59:38 [DEBUG] DB: Add identity ca-org0-admin
2018/09/19 06:59:38 [DEBUG] Successfully added identity ca-org0-admin to the database
2018/09/19 06:59:38 [DEBUG] Registered identity: { Name:**** Pass:**** Type:client Affiliation: MaxEnrollments:-1 Attrs:map[hf.IntermediateCA:1 hf.GenCRL:1 hf.Registrar.Attributes:* hf.AffiliationMgr:1 hf.Registrar.Roles:* hf.Registrar.DelegateRoles:* hf.Revoker:1]  }
2018/09/19 06:59:38 [DEBUG] Successfully loaded identity table
2018/09/19 06:59:38 [DEBUG] Loading affiliations table
2018/09/19 06:59:38 [DEBUG] DB: Add affiliation org1
2018/09/19 06:59:38 [DEBUG] Affiliation 'org1' added
2018/09/19 06:59:38 [DEBUG] DB: Add affiliation org1.department1
2018/09/19 06:59:38 [DEBUG] Affiliation 'org1.department1' added
2018/09/19 06:59:38 [DEBUG] DB: Add affiliation org1.department2
2018/09/19 06:59:38 [DEBUG] Affiliation 'org1.department2' added
2018/09/19 06:59:38 [DEBUG] DB: Add affiliation org2
2018/09/19 06:59:38 [DEBUG] Affiliation 'org2' added
2018/09/19 06:59:38 [DEBUG] DB: Add affiliation org2.department1
2018/09/19 06:59:38 [DEBUG] Affiliation 'org2.department1' added
2018/09/19 06:59:38 [DEBUG] Successfully loaded affiliations table
2018/09/19 06:59:38 [DEBUG] Checking and performing migration, if needed
2018/09/19 06:59:38 [DEBUG] Updating database level to &{Identity:1 Affiliation:1 Certificate:1 Credential:1 RAInfo:1 Nonce:1}
2018/09/19 06:59:38 [INFO] Initialized sqlite3 database at /etc/hyperledger/fabric-ca/fabric-ca-server.db
2018/09/19 06:59:38 [DEBUG] Initializing enrollment signer
2018/09/19 06:59:38 [DEBUG] validating configuration
2018/09/19 06:59:38 [DEBUG] validate local profile
2018/09/19 06:59:38 [DEBUG] profile is valid
2018/09/19 06:59:38 [DEBUG] validate local profile
2018/09/19 06:59:38 [DEBUG] profile is valid
2018/09/19 06:59:38 [DEBUG] validate local profile
2018/09/19 06:59:38 [DEBUG] profile is valid
2018/09/19 06:59:38 [DEBUG] CA initialization successful
2018/09/19 06:59:38 [INFO] The issuer key was successfully stored. The public key is at: /etc/hyperledger/fabric-ca/IssuerPublicKey, secret key is at: /etc/hyperledger/fabric-ca/msp/keystore/IssuerSecretKey
2018/09/19 06:59:38 [INFO] The revocation key was successfully stored. The public key is at: /etc/hyperledger/fabric-ca/IssuerRevocationPublicKey, private key is at: /etc/hyperledger/fabric-ca/msp/keystore/IssuerRevocationPrivateKey
2018/09/19 06:59:38 [INFO] Home directory for default CA: /etc/hyperledger/fabric-ca
2018/09/19 06:59:38 [DEBUG] Closing server DBs
2018/09/19 06:59:38 [INFO] Initialization was successful
2018/09/19 06:59:38 [INFO] Configuration file location: /etc/hyperledger/fabric-ca/fabric-ca-server-config.yaml
2018/09/19 06:59:38 [INFO] Starting server in home directory: /etc/hyperledger/fabric-ca
2018/09/19 06:59:38 [INFO] Server Version: 1.2.0-stable
2018/09/19 06:59:38 [INFO] Server Levels: &{Identity:1 Affiliation:1 Certificate:1 Credential:1 RAInfo:1 Nonce:1}
2018/09/19 06:59:38 [DEBUG] Making server filenames absolute
2018/09/19 06:59:38 [DEBUG] Initializing default CA in directory /etc/hyperledger/fabric-ca
2018/09/19 06:59:38 [DEBUG] Init CA with home /etc/hyperledger/fabric-ca and config {Version:1.2.0-stable Cfg:{Identities:{AllowRemove:false} Affiliations:{AllowRemove:false}} CA:{Name:ca-org0 Keyfile: Certfile:ca-cert.pem Chainfile:ca-chain.pem} Signing:0xc4202b3110 CSR:{CN:ca-org0 Names:[{C:US ST:North Carolina L: O:Hyperledger OU:Fabric SerialNumber:}] Hosts:[ca-org0] KeyRequest:<nil> CA:0xc4202cc720 SerialNumber:} Registry:{MaxEnrollments:-1 Identities:[{ Name:**** Pass:**** Type:client Affiliation: MaxEnrollments:0 Attrs:map[hf.GenCRL:1 hf.Registrar.Attributes:* hf.AffiliationMgr:1 hf.Registrar.Roles:* hf.Registrar.DelegateRoles:* hf.Revoker:1 hf.IntermediateCA:1]  }]} Affiliations:map[org2:[department1] org1:[department1 department2] org0:[]] LDAP:{ Enabled:false URL:ldap://****:****@<host>:<port>/<base> UserFilter:(uid=%s) GroupFilter:(memberUid=%s) Attribute:{[uid member] [{ }] map[groups:[{ }]]} TLS:{false [] { }}  } DB:{ Type:sqlite3 Datasource:fabric-ca-server.db TLS:{false [] { }}  } CSP:0xc4202a0ae0 Client:<nil> Intermediate:{ParentServer:{ URL: CAName:  } TLS:{Enabled:false CertFiles:[] Client:{KeyFile: CertFile:}} Enrollment:{ Name: Secret:**** CAName: AttrReqs:[] Profile: Label: CSR:<nil> Type:x509  }} CRL:{Expiry:24h0m0s} Idemix:{IssuerPublicKeyfile: IssuerSecretKeyfile: RevocationPublicKeyfile: RevocationPrivateKeyfile: RHPoolSize:0 NonceExpiration: NonceSweepInterval:}}
2018/09/19 06:59:38 [DEBUG] CA Home Directory: /etc/hyperledger/fabric-ca
2018/09/19 06:59:38 [DEBUG] Checking configuration file version '1.2.0-stable' against server version: '1.2.0-stable'
2018/09/19 06:59:38 [DEBUG] Initializing BCCSP: &{ProviderName:SW SwOpts:0xc4202a0b40 PluginOpts:<nil> Pkcs11Opts:<nil>}
2018/09/19 06:59:38 [DEBUG] Initializing BCCSP with software options &{SecLevel:256 HashFamily:SHA2 Ephemeral:false FileKeystore:0xc4202c6a70 DummyKeystore:<nil>}
2018/09/19 06:59:38 [DEBUG] Initialize key material
2018/09/19 06:59:38 [DEBUG] Making CA filenames absolute
2018/09/19 06:59:38 [INFO] The CA key and certificate already exist
2018/09/19 06:59:38 [INFO] The key is stored by BCCSP provider 'SW'
2018/09/19 06:59:38 [INFO] The certificate is at: /etc/hyperledger/fabric-ca/ca-cert.pem
2018/09/19 06:59:38 [DEBUG] Loading CN from existing enrollment information
2018/09/19 06:59:38 [DEBUG] Initializing DB
2018/09/19 06:59:38 [DEBUG] Initializing 'sqlite3' database at '/etc/hyperledger/fabric-ca/fabric-ca-server.db'
2018/09/19 06:59:38 [DEBUG] Using sqlite database, connect to database in home (/etc/hyperledger/fabric-ca/fabric-ca-server.db) directory
2018/09/19 06:59:38 [DEBUG] Creating SQLite database (/etc/hyperledger/fabric-ca/fabric-ca-server.db) if it does not exist...
2018/09/19 06:59:38 [DEBUG] Creating users table if it does not exist
2018/09/19 06:59:38 [DEBUG] Creating affiliations table if it does not exist
2018/09/19 06:59:38 [DEBUG] Creating certificates table if it does not exist
2018/09/19 06:59:38 [DEBUG] Creating credentials table if it does not exist
2018/09/19 06:59:38 [DEBUG] Creating revocation_authority_info table if it does not exist
2018/09/19 06:59:38 [DEBUG] Creating nonces table if it does not exist
2018/09/19 06:59:38 [DEBUG] Creating properties table if it does not exist
2018/09/19 06:59:38 [DEBUG] Successfully opened sqlite3 DB
2018/09/19 06:59:38 [DEBUG] Checking database schema...
2018/09/19 06:59:38 [DEBUG] Update SQLite schema, if using outdated schema
2018/09/19 06:59:38 [DEBUG] Initializing identity registry
2018/09/19 06:59:38 [DEBUG] Initialized DB identity registry
2018/09/19 06:59:38 [DEBUG] DB: Get properties [identity.level affiliation.level certificate.level]
2018/09/19 06:59:38 [DEBUG] Checking database levels 'map[affiliation.level:1 certificate.level:1 identity.level:1]' against server levels '&{Identity:1 Affiliation:1 Certificate:1 Credential:1 RAInfo:1 Nonce:1}'
2018/09/19 06:59:38 [DEBUG] Loading identity table
2018/09/19 06:59:38 [DEBUG] Loading identity 'ca-org0-admin'
2018/09/19 06:59:38 [DEBUG] DB: Getting identity ca-org0-admin
2018/09/19 06:59:38 [DEBUG] Identity 'ca-org0-admin' already registered, loaded identity
2018/09/19 06:59:38 [DEBUG] Successfully loaded identity table
2018/09/19 06:59:38 [DEBUG] Loading affiliations table
2018/09/19 06:59:38 [DEBUG] DB: Add affiliation org0
2018/09/19 06:59:38 [DEBUG] Affiliation 'org0' added
2018/09/19 06:59:38 [DEBUG] DB: Add affiliation org2
2018/09/19 06:59:38 [DEBUG] Affiliation 'org2' already exists
2018/09/19 06:59:38 [DEBUG] DB: Add affiliation org2.department1
2018/09/19 06:59:38 [DEBUG] Affiliation 'org2.department1' already exists
2018/09/19 06:59:38 [DEBUG] DB: Add affiliation org1
2018/09/19 06:59:38 [DEBUG] Affiliation 'org1' already exists
2018/09/19 06:59:38 [DEBUG] DB: Add affiliation org1.department1
2018/09/19 06:59:38 [DEBUG] Affiliation 'org1.department1' already exists
2018/09/19 06:59:38 [DEBUG] DB: Add affiliation org1.department2
2018/09/19 06:59:38 [DEBUG] Affiliation 'org1.department2' already exists
2018/09/19 06:59:38 [DEBUG] Successfully loaded affiliations table
2018/09/19 06:59:38 [DEBUG] Checking and performing migration, if needed
2018/09/19 06:59:38 [DEBUG] Updating database level to &{Identity:1 Affiliation:1 Certificate:1 Credential:1 RAInfo:1 Nonce:1}
2018/09/19 06:59:38 [INFO] Initialized sqlite3 database at /etc/hyperledger/fabric-ca/fabric-ca-server.db
2018/09/19 06:59:38 [DEBUG] Initializing enrollment signer
2018/09/19 06:59:38 [DEBUG] validating configuration
2018/09/19 06:59:38 [DEBUG] validate local profile
2018/09/19 06:59:38 [DEBUG] profile is valid
2018/09/19 06:59:38 [DEBUG] validate local profile
2018/09/19 06:59:38 [DEBUG] profile is valid
2018/09/19 06:59:38 [DEBUG] validate local profile
2018/09/19 06:59:38 [DEBUG] profile is valid
2018/09/19 06:59:38 [DEBUG] CA initialization successful
2018/09/19 06:59:38 [INFO] Home directory for default CA: /etc/hyperledger/fabric-ca
2018/09/19 06:59:38 [DEBUG] 1 CA instance(s) running on server
2018/09/19 06:59:38 [INFO] Listening on http://0.0.0.0:7054
2018/09/19 06:59:41 [DEBUG] Received request for /enroll
2018/09/19 06:59:41 [DEBUG] ca.Config: &{Version:1.2.0-stable Cfg:{Identities:{AllowRemove:false} Affiliations:{AllowRemove:false}} CA:{Name:ca-org0 Keyfile:/etc/hyperledger/fabric-ca/ca-key.pem Certfile:/etc/hyperledger/fabric-ca/ca-cert.pem Chainfile:/etc/hyperledger/fabric-ca/ca-chain.pem} Signing:0xc4202b3110 CSR:{CN:ca-org0 Names:[{C:US ST:North Carolina L: O:Hyperledger OU:Fabric SerialNumber:}] Hosts:[ca-org0] KeyRequest:<nil> CA:0xc4202cc720 SerialNumber:} Registry:{MaxEnrollments:-1 Identities:[{ Name:**** Pass:**** Type:client Affiliation: MaxEnrollments:0 Attrs:map[hf.Registrar.Roles:* hf.Registrar.DelegateRoles:* hf.Revoker:1 hf.IntermediateCA:1 hf.GenCRL:1 hf.Registrar.Attributes:* hf.AffiliationMgr:1]  }]} Affiliations:map[org2:[department1] org1:[department1 department2] org0:[]] LDAP:{ Enabled:false URL:ldap://****:****@<host>:<port>/<base> UserFilter:(uid=%s) GroupFilter:(memberUid=%s) Attribute:{[uid member] [{ }] map[groups:[{ }]]} TLS:{false [] { }}  } DB:{ Type:sqlite3 Datasource:/etc/hyperledger/fabric-ca/fabric-ca-server.db TLS:{false [] { }}  } CSP:0xc4202a0ae0 Client:<nil> Intermediate:{ParentServer:{ URL: CAName:  } TLS:{Enabled:false CertFiles:[] Client:{KeyFile: CertFile:}} Enrollment:{ Name: Secret:**** CAName: AttrReqs:[] Profile: Label: CSR:<nil> Type:x509  }} CRL:{Expiry:24h0m0s} Idemix:{IssuerPublicKeyfile:/etc/hyperledger/fabric-ca/IssuerPublicKey IssuerSecretKeyfile:/etc/hyperledger/fabric-ca/msp/keystore/IssuerSecretKey RevocationPublicKeyfile:/etc/hyperledger/fabric-ca/IssuerRevocationPublicKey RevocationPrivateKeyfile:/etc/hyperledger/fabric-ca/msp/keystore/IssuerRevocationPrivateKey RHPoolSize:1000 NonceExpiration:15s NonceSweepInterval:15m}}
2018/09/19 06:59:41 [DEBUG] DB: Getting identity ca-org0-admin
2018/09/19 06:59:41 [DEBUG] DB: Login user ca-org0-admin with max enrollments of -1 and state of 0
2018/09/19 06:59:41 [DEBUG] DB: identity ca-org0-admin successfully logged in
2018/09/19 06:59:41 [DEBUG] DB: Getting identity ca-org0-admin
2018/09/19 06:59:41 [DEBUG] Processing sign request: id=ca-org0-admin, CommonName=ca-org0-admin, Subject=<nil>
2018/09/19 06:59:41 [DEBUG] Request is not for a CA signing certificate
2018/09/19 06:59:41 [DEBUG] Checking CSR fields to make sure that they do not exceed maximum character limits
2018/09/19 06:59:41 [DEBUG] Finished processing sign request
2018/09/19 06:59:41 [DEBUG] DB: Getting identity ca-org0-admin
2018/09/19 06:59:41 [INFO] signed certificate with serial number 684224297368827612729546806010718372487623864898
2018/09/19 06:59:41 [DEBUG] DB: Insert Certificate
2018/09/19 06:59:41 [DEBUG] Saved serial number as hex 77d9adbaa18a2b4a28739282a6218b092ce3f242
2018/09/19 06:59:41 [DEBUG] saved certificate with serial number 684224297368827612729546806010718372487623864898
2018/09/19 06:59:41 [DEBUG] Successfully incremented state for identity ca-org0-admin to 1
2018/09/19 06:59:41 [INFO] 172.23.0.3:44184 POST /enroll 201 0 "OK"
2018/09/19 06:59:41 [DEBUG] Received request for /register
2018/09/19 06:59:41 [DEBUG] Checking for revocation/expiration of certificate owned by 'ca-org0-admin'
2018/09/19 06:59:41 [DEBUG] DB: Get certificate by serial (77d9adbaa18a2b4a28739282a6218b092ce3f242) and aki (415faabb780c4c26580fb0ce2823f91e244da655)
2018/09/19 06:59:41 [DEBUG] DB: Getting identity ca-org0-admin
2018/09/19 06:59:41 [DEBUG] Successful token authentication of 'ca-org0-admin'
2018/09/19 06:59:41 [DEBUG] Received registration request from ca-org0-admin: { Name:orderer1-org0 Type:orderer Secret:**** MaxEnrollments:0 Affiliation: Attributes:[] CAName:  }
2018/09/19 06:59:41 [DEBUG] No affiliation provided in registration request, will default to using registrar's affiliation of ''
2018/09/19 06:59:41 [DEBUG] canRegister - Check to see if user 'ca-org0-admin' can register
2018/09/19 06:59:41 [DEBUG] Checking to see if caller 'ca-org0-admin' can act on type 'orderer'
2018/09/19 06:59:41 [DEBUG] Checking to see if caller 'ca-org0-admin' is a registrar
2018/09/19 06:59:41 [DEBUG] Validating affiliation: 
2018/09/19 06:59:41 [DEBUG] Checking to see if affiliation '' contains caller's affiliation ''
2018/09/19 06:59:41 [DEBUG] Caller has root affiliation
2018/09/19 06:59:41 [DEBUG] Registering user id: orderer1-org0
2018/09/19 06:59:41 [DEBUG] Max enrollment value verification - User specified max enrollment: 0, CA max enrollment: -1
2018/09/19 06:59:41 [DEBUG] DB: Getting identity orderer1-org0
2018/09/19 06:59:41 [DEBUG] DB: Add identity orderer1-org0
2018/09/19 06:59:41 [DEBUG] Successfully added identity orderer1-org0 to the database
2018/09/19 06:59:41 [INFO] 172.23.0.3:44186 POST /register 201 0 "OK"
2018/09/19 06:59:41 [DEBUG] Received request for /register
2018/09/19 06:59:41 [DEBUG] Checking for revocation/expiration of certificate owned by 'ca-org0-admin'
2018/09/19 06:59:41 [DEBUG] DB: Get certificate by serial (77d9adbaa18a2b4a28739282a6218b092ce3f242) and aki (415faabb780c4c26580fb0ce2823f91e244da655)
2018/09/19 06:59:41 [DEBUG] DB: Getting identity ca-org0-admin
2018/09/19 06:59:41 [DEBUG] Successful token authentication of 'ca-org0-admin'
2018/09/19 06:59:41 [DEBUG] Received registration request from ca-org0-admin: { Name:admin-org0 Type:client Secret:**** MaxEnrollments:0 Affiliation: Attributes:[{hf.Registrar.Attributes * false} {hf.Revoker true false} {hf.GenCRL true false} {admin true true} {abac.init true true} {hf.Registrar.Roles client false}] CAName:  }
2018/09/19 06:59:41 [DEBUG] No affiliation provided in registration request, will default to using registrar's affiliation of ''
2018/09/19 06:59:41 [DEBUG] canRegister - Check to see if user 'ca-org0-admin' can register
2018/09/19 06:59:41 [DEBUG] Checking to see if caller 'ca-org0-admin' can act on type 'client'
2018/09/19 06:59:41 [DEBUG] Checking to see if caller 'ca-org0-admin' is a registrar
2018/09/19 06:59:41 [DEBUG] Validating affiliation: 
2018/09/19 06:59:41 [DEBUG] Checking to see if affiliation '' contains caller's affiliation ''
2018/09/19 06:59:41 [DEBUG] Caller has root affiliation
2018/09/19 06:59:41 [DEBUG] Checking to see if registrar can register the requested attributes: [{Name:hf.Registrar.Attributes Value:* ECert:false} {Name:hf.Revoker Value:true ECert:false} {Name:hf.GenCRL Value:true ECert:false} {Name:admin Value:true ECert:true} {Name:abac.init Value:true ECert:true} {Name:hf.Registrar.Roles Value:client ECert:false}]
2018/09/19 06:59:41 [DEBUG] Validating that registrar with the following values for hf.Registrar.Attributes '*' is authorized to register the requested attribute '&{Name:hf.Registrar.Attributes Value:* ECert:false}'
2018/09/19 06:59:41 [DEBUG] Checking if registrar can register attribute: hf.Registrar.Attributes
2018/09/19 06:59:41 [DEBUG] Performing authorization check...
2018/09/19 06:59:41 [DEBUG] Checking if caller is authorized to register attribute 'hf.Registrar.Attributes' with the requested value of '%!s(func() string=0x8c9970)'
2018/09/19 06:59:41 [DEBUG] Requested attribute type is list
2018/09/19 06:59:41 [DEBUG] Perform ownshership check for requested 'hf.' attributes for the values of 'hf.Registrar.Attributes'
2018/09/19 06:59:41 [DEBUG] Checking if registrar can register attribute: *
2018/09/19 06:59:41 [DEBUG] Validating that registrar with the following values for hf.Registrar.Attributes '*' is authorized to register the requested attribute '&{Name:hf.Revoker Value:true ECert:false}'
2018/09/19 06:59:41 [DEBUG] Checking if registrar can register attribute: hf.Revoker
2018/09/19 06:59:41 [DEBUG] Performing authorization check...
2018/09/19 06:59:41 [DEBUG] Checking if caller is authorized to register attribute 'hf.Revoker' with the requested value of '%!s(func() string=0x8c9970)'
2018/09/19 06:59:41 [DEBUG] Requested attribute type is boolean
2018/09/19 06:59:41 [DEBUG] Validating that registrar with the following values for hf.Registrar.Attributes '*' is authorized to register the requested attribute '&{Name:hf.GenCRL Value:true ECert:false}'
2018/09/19 06:59:41 [DEBUG] Checking if registrar can register attribute: hf.GenCRL
2018/09/19 06:59:41 [DEBUG] Performing authorization check...
2018/09/19 06:59:41 [DEBUG] Checking if caller is authorized to register attribute 'hf.GenCRL' with the requested value of '%!s(func() string=0x8c9970)'
2018/09/19 06:59:41 [DEBUG] Requested attribute type is boolean
2018/09/19 06:59:41 [DEBUG] Validating that registrar with the following values for hf.Registrar.Attributes '*' is authorized to register the requested attribute '&{Name:admin Value:true ECert:true}'
2018/09/19 06:59:41 [DEBUG] Checking if registrar can register attribute: admin
2018/09/19 06:59:41 [DEBUG] Performing authorization check...
2018/09/19 06:59:41 [DEBUG] Validating that registrar with the following values for hf.Registrar.Attributes '*' is authorized to register the requested attribute '&{Name:abac.init Value:true ECert:true}'
2018/09/19 06:59:41 [DEBUG] Checking if registrar can register attribute: abac.init
2018/09/19 06:59:41 [DEBUG] Performing authorization check...
2018/09/19 06:59:41 [DEBUG] Validating that registrar with the following values for hf.Registrar.Attributes '*' is authorized to register the requested attribute '&{Name:hf.Registrar.Roles Value:client ECert:false}'
2018/09/19 06:59:41 [DEBUG] Checking if registrar can register attribute: hf.Registrar.Roles
2018/09/19 06:59:41 [DEBUG] Performing authorization check...
2018/09/19 06:59:41 [DEBUG] Checking if caller is authorized to register attribute 'hf.Registrar.Roles' with the requested value of '%!s(func() string=0x8c9970)'
2018/09/19 06:59:41 [DEBUG] Requested attribute type is list
2018/09/19 06:59:41 [DEBUG] Registering user id: admin-org0
2018/09/19 06:59:41 [DEBUG] Max enrollment value verification - User specified max enrollment: 0, CA max enrollment: -1
2018/09/19 06:59:41 [DEBUG] DB: Getting identity admin-org0
2018/09/19 06:59:41 [DEBUG] DB: Add identity admin-org0
2018/09/19 06:59:41 [DEBUG] Successfully added identity admin-org0 to the database
2018/09/19 06:59:41 [INFO] 172.23.0.3:44188 POST /register 201 0 "OK"
2018/09/19 06:59:41 [DEBUG] Received request for /cainfo
2018/09/19 06:59:41 [INFO] 172.23.0.3:44190 POST /cainfo 200 0 "OK"
2018/09/19 06:59:41 [DEBUG] Received request for /enroll
2018/09/19 06:59:41 [DEBUG] ca.Config: &{Version:1.2.0-stable Cfg:{Identities:{AllowRemove:false} Affiliations:{AllowRemove:false}} CA:{Name:ca-org0 Keyfile:/etc/hyperledger/fabric-ca/ca-key.pem Certfile:/etc/hyperledger/fabric-ca/ca-cert.pem Chainfile:/etc/hyperledger/fabric-ca/ca-chain.pem} Signing:0xc4202b3110 CSR:{CN:ca-org0 Names:[{C:US ST:North Carolina L: O:Hyperledger OU:Fabric SerialNumber:}] Hosts:[ca-org0] KeyRequest:<nil> CA:0xc4202cc720 SerialNumber:} Registry:{MaxEnrollments:-1 Identities:[{ Name:**** Pass:**** Type:client Affiliation: MaxEnrollments:0 Attrs:map[hf.Registrar.Roles:* hf.Registrar.DelegateRoles:* hf.Revoker:1 hf.IntermediateCA:1 hf.GenCRL:1 hf.Registrar.Attributes:* hf.AffiliationMgr:1]  }]} Affiliations:map[org2:[department1] org1:[department1 department2] org0:[]] LDAP:{ Enabled:false URL:ldap://****:****@<host>:<port>/<base> UserFilter:(uid=%s) GroupFilter:(memberUid=%s) Attribute:{[uid member] [{ }] map[groups:[{ }]]} TLS:{false [] { }}  } DB:{ Type:sqlite3 Datasource:/etc/hyperledger/fabric-ca/fabric-ca-server.db TLS:{false [] { }}  } CSP:0xc4202a0ae0 Client:<nil> Intermediate:{ParentServer:{ URL: CAName:  } TLS:{Enabled:false CertFiles:[] Client:{KeyFile: CertFile:}} Enrollment:{ Name: Secret:**** CAName: AttrReqs:[] Profile: Label: CSR:<nil> Type:x509  }} CRL:{Expiry:24h0m0s} Idemix:{IssuerPublicKeyfile:/etc/hyperledger/fabric-ca/IssuerPublicKey IssuerSecretKeyfile:/etc/hyperledger/fabric-ca/msp/keystore/IssuerSecretKey RevocationPublicKeyfile:/etc/hyperledger/fabric-ca/IssuerRevocationPublicKey RevocationPrivateKeyfile:/etc/hyperledger/fabric-ca/msp/keystore/IssuerRevocationPrivateKey RHPoolSize:1000 NonceExpiration:15s NonceSweepInterval:15m}}
2018/09/19 06:59:41 [DEBUG] DB: Getting identity admin-org0
2018/09/19 06:59:41 [DEBUG] DB: Login user admin-org0 with max enrollments of -1 and state of 0
2018/09/19 06:59:41 [DEBUG] DB: identity admin-org0 successfully logged in
2018/09/19 06:59:41 [DEBUG] DB: Getting identity admin-org0
2018/09/19 06:59:41 [DEBUG] Processing sign request: id=admin-org0, CommonName=admin-org0, Subject=<nil>
2018/09/19 06:59:41 [DEBUG] Request is not for a CA signing certificate
2018/09/19 06:59:41 [DEBUG] Checking CSR fields to make sure that they do not exceed maximum character limits
2018/09/19 06:59:41 [DEBUG] Finished processing sign request
2018/09/19 06:59:41 [DEBUG] DB: Getting identity admin-org0
2018/09/19 06:59:41 [DEBUG] Attribute extension being added to certificate is: &{ID:[1 2 3 4 5 6 7 8 1] Critical:false Value:7b226174747273223a7b22616261632e696e6974223a2274727565222c2261646d696e223a2274727565222c2268662e416666696c696174696f6e223a22222c2268662e456e726f6c6c6d656e744944223a2261646d696e2d6f726730222c2268662e54797065223a22636c69656e74227d7d}
2018/09/19 06:59:41 [DEBUG] Adding attribute extension to CSR: &{ID:[1 2 3 4 5 6 7 8 1] Critical:false Value:7b226174747273223a7b22616261632e696e6974223a2274727565222c2261646d696e223a2274727565222c2268662e416666696c696174696f6e223a22222c2268662e456e726f6c6c6d656e744944223a2261646d696e2d6f726730222c2268662e54797065223a22636c69656e74227d7d}
2018/09/19 06:59:41 [INFO] signed certificate with serial number 282404935681811354399646618999926190395629309132
2018/09/19 06:59:41 [DEBUG] DB: Insert Certificate
2018/09/19 06:59:41 [DEBUG] Saved serial number as hex 317779ac58832f9c36126f9ac0f7783bf9590ccc
2018/09/19 06:59:41 [DEBUG] saved certificate with serial number 282404935681811354399646618999926190395629309132
2018/09/19 06:59:41 [DEBUG] Successfully incremented state for identity admin-org0 to 1
2018/09/19 06:59:41 [INFO] 172.23.0.3:44192 POST /enroll 201 0 "OK"
2018/09/19 06:59:42 [DEBUG] Received request for /enroll
2018/09/19 06:59:42 [DEBUG] ca.Config: &{Version:1.2.0-stable Cfg:{Identities:{AllowRemove:false} Affiliations:{AllowRemove:false}} CA:{Name:ca-org0 Keyfile:/etc/hyperledger/fabric-ca/ca-key.pem Certfile:/etc/hyperledger/fabric-ca/ca-cert.pem Chainfile:/etc/hyperledger/fabric-ca/ca-chain.pem} Signing:0xc4202b3110 CSR:{CN:ca-org0 Names:[{C:US ST:North Carolina L: O:Hyperledger OU:Fabric SerialNumber:}] Hosts:[ca-org0] KeyRequest:<nil> CA:0xc4202cc720 SerialNumber:} Registry:{MaxEnrollments:-1 Identities:[{ Name:**** Pass:**** Type:client Affiliation: MaxEnrollments:0 Attrs:map[hf.GenCRL:1 hf.Registrar.Attributes:* hf.AffiliationMgr:1 hf.Registrar.Roles:* hf.Registrar.DelegateRoles:* hf.Revoker:1 hf.IntermediateCA:1]  }]} Affiliations:map[org2:[department1] org1:[department1 department2] org0:[]] LDAP:{ Enabled:false URL:ldap://****:****@<host>:<port>/<base> UserFilter:(uid=%s) GroupFilter:(memberUid=%s) Attribute:{[uid member] [{ }] map[groups:[{ }]]} TLS:{false [] { }}  } DB:{ Type:sqlite3 Datasource:/etc/hyperledger/fabric-ca/fabric-ca-server.db TLS:{false [] { }}  } CSP:0xc4202a0ae0 Client:<nil> Intermediate:{ParentServer:{ URL: CAName:  } TLS:{Enabled:false CertFiles:[] Client:{KeyFile: CertFile:}} Enrollment:{ Name: Secret:**** CAName: AttrReqs:[] Profile: Label: CSR:<nil> Type:x509  }} CRL:{Expiry:24h0m0s} Idemix:{IssuerPublicKeyfile:/etc/hyperledger/fabric-ca/IssuerPublicKey IssuerSecretKeyfile:/etc/hyperledger/fabric-ca/msp/keystore/IssuerSecretKey RevocationPublicKeyfile:/etc/hyperledger/fabric-ca/IssuerRevocationPublicKey RevocationPrivateKeyfile:/etc/hyperledger/fabric-ca/msp/keystore/IssuerRevocationPrivateKey RHPoolSize:1000 NonceExpiration:15s NonceSweepInterval:15m}}
2018/09/19 06:59:42 [DEBUG] DB: Getting identity orderer1-org0
2018/09/19 06:59:42 [DEBUG] DB: Login user orderer1-org0 with max enrollments of -1 and state of 0
2018/09/19 06:59:42 [DEBUG] DB: identity orderer1-org0 successfully logged in
2018/09/19 06:59:42 [DEBUG] DB: Getting identity orderer1-org0
2018/09/19 06:59:42 [DEBUG] Processing sign request: id=orderer1-org0, CommonName=orderer1-org0, Subject=<nil>
2018/09/19 06:59:42 [DEBUG] Request is not for a CA signing certificate
2018/09/19 06:59:42 [DEBUG] Checking CSR fields to make sure that they do not exceed maximum character limits
2018/09/19 06:59:42 [DEBUG] Finished processing sign request
2018/09/19 06:59:42 [DEBUG] DB: Getting identity orderer1-org0
2018/09/19 06:59:42 [DEBUG] Attribute extension being added to certificate is: &{ID:[1 2 3 4 5 6 7 8 1] Critical:false Value:7b226174747273223a7b2268662e416666696c696174696f6e223a22222c2268662e456e726f6c6c6d656e744944223a226f726465726572312d6f726730222c2268662e54797065223a226f726465726572227d7d}
2018/09/19 06:59:42 [DEBUG] Adding attribute extension to CSR: &{ID:[1 2 3 4 5 6 7 8 1] Critical:false Value:7b226174747273223a7b2268662e416666696c696174696f6e223a22222c2268662e456e726f6c6c6d656e744944223a226f726465726572312d6f726730222c2268662e54797065223a226f726465726572227d7d}
2018/09/19 06:59:42 [INFO] signed certificate with serial number 96954154825693749814661007779280141215403778753
2018/09/19 06:59:42 [DEBUG] DB: Insert Certificate
2018/09/19 06:59:42 [DEBUG] Saved serial number as hex 10fb931d3743fb58826229816d4aaf4497c2a2c1
2018/09/19 06:59:42 [DEBUG] saved certificate with serial number 96954154825693749814661007779280141215403778753
2018/09/19 06:59:42 [DEBUG] Successfully incremented state for identity orderer1-org0 to 1
2018/09/19 06:59:42 [INFO] 172.23.0.4:49198 POST /enroll 201 0 "OK"
2018/09/19 06:59:56 [DEBUG] Received request for /enroll
2018/09/19 06:59:56 [DEBUG] ca.Config: &{Version:1.2.0-stable Cfg:{Identities:{AllowRemove:false} Affiliations:{AllowRemove:false}} CA:{Name:ca-org0 Keyfile:/etc/hyperledger/fabric-ca/ca-key.pem Certfile:/etc/hyperledger/fabric-ca/ca-cert.pem Chainfile:/etc/hyperledger/fabric-ca/ca-chain.pem} Signing:0xc4202b3110 CSR:{CN:ca-org0 Names:[{C:US ST:North Carolina L: O:Hyperledger OU:Fabric SerialNumber:}] Hosts:[ca-org0] KeyRequest:<nil> CA:0xc4202cc720 SerialNumber:} Registry:{MaxEnrollments:-1 Identities:[{ Name:**** Pass:**** Type:client Affiliation: MaxEnrollments:0 Attrs:map[hf.AffiliationMgr:1 hf.Registrar.Roles:* hf.Registrar.DelegateRoles:* hf.Revoker:1 hf.IntermediateCA:1 hf.GenCRL:1 hf.Registrar.Attributes:*]  }]} Affiliations:map[org2:[department1] org1:[department1 department2] org0:[]] LDAP:{ Enabled:false URL:ldap://****:****@<host>:<port>/<base> UserFilter:(uid=%s) GroupFilter:(memberUid=%s) Attribute:{[uid member] [{ }] map[groups:[{ }]]} TLS:{false [] { }}  } DB:{ Type:sqlite3 Datasource:/etc/hyperledger/fabric-ca/fabric-ca-server.db TLS:{false [] { }}  } CSP:0xc4202a0ae0 Client:<nil> Intermediate:{ParentServer:{ URL: CAName:  } TLS:{Enabled:false CertFiles:[] Client:{KeyFile: CertFile:}} Enrollment:{ Name: Secret:**** CAName: AttrReqs:[] Profile: Label: CSR:<nil> Type:x509  }} CRL:{Expiry:24h0m0s} Idemix:{IssuerPublicKeyfile:/etc/hyperledger/fabric-ca/IssuerPublicKey IssuerSecretKeyfile:/etc/hyperledger/fabric-ca/msp/keystore/IssuerSecretKey RevocationPublicKeyfile:/etc/hyperledger/fabric-ca/IssuerRevocationPublicKey RevocationPrivateKeyfile:/etc/hyperledger/fabric-ca/msp/keystore/IssuerRevocationPrivateKey RHPoolSize:1000 NonceExpiration:15s NonceSweepInterval:15m}}
2018/09/19 06:59:56 [DEBUG] DB: Getting identity ca-org0-admin
2018/09/19 06:59:56 [DEBUG] DB: Login user ca-org0-admin with max enrollments of -1 and state of 1
2018/09/19 06:59:56 [DEBUG] DB: identity ca-org0-admin successfully logged in
2018/09/19 06:59:56 [DEBUG] DB: Getting identity ca-org0-admin
2018/09/19 06:59:56 [DEBUG] Processing sign request: id=ca-org0-admin, CommonName=ca-org0-admin, Subject=<nil>
2018/09/19 06:59:56 [DEBUG] Request is not for a CA signing certificate
2018/09/19 06:59:56 [DEBUG] Checking CSR fields to make sure that they do not exceed maximum character limits
2018/09/19 06:59:56 [DEBUG] Finished processing sign request
2018/09/19 06:59:56 [DEBUG] DB: Getting identity ca-org0-admin
2018/09/19 06:59:56 [INFO] signed certificate with serial number 165871511178216963614636128304034763477199571712
2018/09/19 06:59:56 [DEBUG] DB: Insert Certificate
2018/09/19 06:59:56 [DEBUG] Saved serial number as hex 1d0def90e1810445af28a5f26e87f12808634b00
2018/09/19 06:59:56 [DEBUG] saved certificate with serial number 165871511178216963614636128304034763477199571712
2018/09/19 06:59:56 [DEBUG] Successfully incremented state for identity ca-org0-admin to 2
2018/09/19 06:59:56 [INFO] 172.23.0.3:44198 POST /enroll 201 0 "OK"
2018/09/19 06:59:56 [DEBUG] Received request for /register
2018/09/19 06:59:56 [DEBUG] Checking for revocation/expiration of certificate owned by 'ca-org0-admin'
2018/09/19 06:59:56 [DEBUG] DB: Get certificate by serial (1d0def90e1810445af28a5f26e87f12808634b00) and aki (415faabb780c4c26580fb0ce2823f91e244da655)
2018/09/19 06:59:56 [DEBUG] DB: Getting identity ca-org0-admin
2018/09/19 06:59:56 [DEBUG] Successful token authentication of 'ca-org0-admin'
2018/09/19 06:59:56 [DEBUG] Received registration request from ca-org0-admin: { Name:peer1-org0 Type:peer Secret:**** MaxEnrollments:0 Affiliation: Attributes:[] CAName:  }
2018/09/19 06:59:56 [DEBUG] No affiliation provided in registration request, will default to using registrar's affiliation of ''
2018/09/19 06:59:56 [DEBUG] canRegister - Check to see if user 'ca-org0-admin' can register
2018/09/19 06:59:56 [DEBUG] Checking to see if caller 'ca-org0-admin' can act on type 'peer'
2018/09/19 06:59:56 [DEBUG] Checking to see if caller 'ca-org0-admin' is a registrar
2018/09/19 06:59:56 [DEBUG] Validating affiliation: 
2018/09/19 06:59:56 [DEBUG] Checking to see if affiliation '' contains caller's affiliation ''
2018/09/19 06:59:56 [DEBUG] Caller has root affiliation
2018/09/19 06:59:56 [DEBUG] Registering user id: peer1-org0
2018/09/19 06:59:56 [DEBUG] Max enrollment value verification - User specified max enrollment: 0, CA max enrollment: -1
2018/09/19 06:59:56 [DEBUG] DB: Getting identity peer1-org0
2018/09/19 06:59:56 [DEBUG] DB: Add identity peer1-org0
2018/09/19 06:59:56 [DEBUG] Successfully added identity peer1-org0 to the database
2018/09/19 06:59:56 [INFO] 172.23.0.3:44200 POST /register 201 0 "OK"
2018/09/19 06:59:56 [DEBUG] Received request for /enroll
2018/09/19 06:59:56 [DEBUG] ca.Config: &{Version:1.2.0-stable Cfg:{Identities:{AllowRemove:false} Affiliations:{AllowRemove:false}} CA:{Name:ca-org0 Keyfile:/etc/hyperledger/fabric-ca/ca-key.pem Certfile:/etc/hyperledger/fabric-ca/ca-cert.pem Chainfile:/etc/hyperledger/fabric-ca/ca-chain.pem} Signing:0xc4202b3110 CSR:{CN:ca-org0 Names:[{C:US ST:North Carolina L: O:Hyperledger OU:Fabric SerialNumber:}] Hosts:[ca-org0] KeyRequest:<nil> CA:0xc4202cc720 SerialNumber:} Registry:{MaxEnrollments:-1 Identities:[{ Name:**** Pass:**** Type:client Affiliation: MaxEnrollments:0 Attrs:map[hf.IntermediateCA:1 hf.GenCRL:1 hf.Registrar.Attributes:* hf.AffiliationMgr:1 hf.Registrar.Roles:* hf.Registrar.DelegateRoles:* hf.Revoker:1]  }]} Affiliations:map[org2:[department1] org1:[department1 department2] org0:[]] LDAP:{ Enabled:false URL:ldap://****:****@<host>:<port>/<base> UserFilter:(uid=%s) GroupFilter:(memberUid=%s) Attribute:{[uid member] [{ }] map[groups:[{ }]]} TLS:{false [] { }}  } DB:{ Type:sqlite3 Datasource:/etc/hyperledger/fabric-ca/fabric-ca-server.db TLS:{false [] { }}  } CSP:0xc4202a0ae0 Client:<nil> Intermediate:{ParentServer:{ URL: CAName:  } TLS:{Enabled:false CertFiles:[] Client:{KeyFile: CertFile:}} Enrollment:{ Name: Secret:**** CAName: AttrReqs:[] Profile: Label: CSR:<nil> Type:x509  }} CRL:{Expiry:24h0m0s} Idemix:{IssuerPublicKeyfile:/etc/hyperledger/fabric-ca/IssuerPublicKey IssuerSecretKeyfile:/etc/hyperledger/fabric-ca/msp/keystore/IssuerSecretKey RevocationPublicKeyfile:/etc/hyperledger/fabric-ca/IssuerRevocationPublicKey RevocationPrivateKeyfile:/etc/hyperledger/fabric-ca/msp/keystore/IssuerRevocationPrivateKey RHPoolSize:1000 NonceExpiration:15s NonceSweepInterval:15m}}
2018/09/19 06:59:56 [DEBUG] DB: Getting identity peer1-org0
2018/09/19 06:59:56 [DEBUG] DB: Login user peer1-org0 with max enrollments of -1 and state of 0
2018/09/19 06:59:56 [DEBUG] DB: identity peer1-org0 successfully logged in
2018/09/19 06:59:56 [DEBUG] DB: Getting identity peer1-org0
2018/09/19 06:59:56 [DEBUG] Processing sign request: id=peer1-org0, CommonName=peer1-org0, Subject=<nil>
2018/09/19 06:59:56 [DEBUG] Request is not for a CA signing certificate
2018/09/19 06:59:56 [DEBUG] Checking CSR fields to make sure that they do not exceed maximum character limits
2018/09/19 06:59:56 [DEBUG] Finished processing sign request
2018/09/19 06:59:56 [DEBUG] DB: Getting identity peer1-org0
2018/09/19 06:59:56 [DEBUG] Attribute extension being added to certificate is: &{ID:[1 2 3 4 5 6 7 8 1] Critical:false Value:7b226174747273223a7b2268662e416666696c696174696f6e223a22222c2268662e456e726f6c6c6d656e744944223a2270656572312d6f726730222c2268662e54797065223a2270656572227d7d}
2018/09/19 06:59:56 [DEBUG] Adding attribute extension to CSR: &{ID:[1 2 3 4 5 6 7 8 1] Critical:false Value:7b226174747273223a7b2268662e416666696c696174696f6e223a22222c2268662e456e726f6c6c6d656e744944223a2270656572312d6f726730222c2268662e54797065223a2270656572227d7d}
2018/09/19 06:59:56 [INFO] signed certificate with serial number 647497737741280150709723720450619897429080037173
2018/09/19 06:59:56 [DEBUG] DB: Insert Certificate
2018/09/19 06:59:56 [DEBUG] Saved serial number as hex 716acd80367478790cc6d56f117a8f8984465735
2018/09/19 06:59:56 [DEBUG] saved certificate with serial number 647497737741280150709723720450619897429080037173
2018/09/19 06:59:56 [DEBUG] Successfully incremented state for identity peer1-org0 to 1
2018/09/19 06:59:56 [INFO] 172.23.0.3:44202 POST /enroll 201 0 "OK"
2018/09/19 07:14:38 [DEBUG] Cleaning up expired nonces for CA 'ca-org0'
2018/09/19 07:33:01 [DEBUG] Cleaning up expired nonces for CA 'ca-org0'
